[debug] > Exec(early(addDefaultCommands), None, None)
[debug] > Exec(addDefaultCommands, None, None)
[debug] > Exec(early(initialize), None, None)
[debug] > Exec(initialize, None, None)
[debug] > Exec(boot, None, None)
[debug] > Exec(writeSbtVersion, None, None)
[debug] > Exec(reload, None, None)
[debug] > Exec(sbtStashOnFailure, None, None)
[debug] > Exec(onFailure loadFailed, None, None)
[debug] > Exec(loadp, None, None)
[info] welcome to sbt 1.4.4 (Oracle Corporation Java 14.0.1)
[debug]       Load.loadUnit: plugins took 136.878008ms
[debug]       Load.loadUnit: defsScala took 0.300205ms
[debug] [Loading] Scanning directory /Users/nursatsaduahasov/.sbt/1.0/plugins
[debug] [Loading] Found non-root projects 
[debug] [Loading] Done in /Users/nursatsaduahasov/.sbt/1.0/plugins, returning: ()
[debug] deducing auto plugins based on known facts Set(Atom(sbt.plugins.CorePlugin)) and clauses Clauses(List(Clause(Atom(sbt.plugins.JvmPlugin),Set(Atom(sbt.plugins.IvyPlugin))), Clause(Atom(sbt.ScriptedPlugin),Set(Atom(sbt.plugins.JvmPlugin))), Clause(Atom(sbt.plugins.SbtPlugin),Set(Atom(sbt.ScriptedPlugin))), Clause(Atom(sbt.plugins.SemanticdbPlugin),Set(Atom(sbt.plugins.JvmPlugin))), Clause(Atom(sbt.plugins.JUnitXmlReportPlugin),Set(Atom(sbt.plugins.JvmPlugin))), Clause(Atom(sbt.plugins.MiniDependencyTreePlugin),Set(Atom(sbt.plugins.JvmPlugin))), Clause(Atom(sbt.plugins.CorePlugin),Set(Atom(sbt.plugins.IvyPlugin))), Clause(Atom(sbt.plugins.IvyPlugin),Set(Atom(sbt.plugins.JvmPlugin))), Clause(Atom(sbt.plugins.JvmPlugin),Set(Atom(sbt.plugins.SemanticdbPlugin))), Clause(Atom(sbt.plugins.JvmPlugin),Set(Atom(sbt.plugins.JUnitXmlReportPlugin))), Clause(Atom(sbt.plugins.CorePlugin),Set(Atom(sbt.plugins.Giter8TemplatePlugin))), Clause(Atom(sbt.plugins.JvmPlugin),Set(Atom(sbt.plugins.MiniDependencyTreePlugin)))))
[debug]   :: deduced result: Matched(sbt.plugins.CorePlugin,sbt.plugins.Giter8TemplatePlugin,sbt.plugins.IvyPlugin,sbt.plugins.JvmPlugin,sbt.plugins.MiniDependencyTreePlugin,sbt.plugins.JUnitXmlReportPlugin,sbt.plugins.SemanticdbPlugin)
[debug] Plugins.deducer#function took 21.066021 ms
[debug]           Load.resolveProject(global-plugins) took 46.135604ms
[debug]         Load.loadTransitive: finalizeProject(Project(id global-plugins, base: /Users/nursatsaduahasov/.sbt/1.0/plugins, plugins: List(<none>))) took 95.937288ms
[debug] [Loading] Done in /Users/nursatsaduahasov/.sbt/1.0/plugins, returning: (global-plugins)
[debug]       Load.loadUnit: loadedProjectsRaw took 122.632348ms
[debug]       Load.loadUnit: cleanEvalClasses took 0.284086ms
[debug]     Load.loadUnit(file:/Users/nursatsaduahasov/.sbt/1.0/plugins/, ...) took 270.790725ms
[debug]   Load.apply: load took 1185.529293ms
[debug]   Load.apply: resolveProjects took 6.153972ms
[debug]   Load.apply: finalTransforms took 72.861304ms
[debug]   Load.apply: config.delegates took 7.070269ms
[debug]   Load.apply: Def.make(settings)... took 390.621471ms
[debug]   Load.apply: structureIndex took 126.064091ms
[debug]   Load.apply: mkStreams took 1.39398ms
[info] loading global plugins from /Users/nursatsaduahasov/.sbt/1.0/plugins
[debug] Running task... Cancel: Signal, check cycles: false, forcegc: true
[debug] Load.defaultLoad until apply took 3416.319996ms
[debug]           Load.loadUnit: plugins took 19.724467ms
[debug]           Load.loadUnit: defsScala took 0.00569ms
[debug] [Loading] Scanning directory /Users/nursatsaduahasov/Documents/Highloaded/Final/project
[debug] [Loading] Found non-root projects 
[debug] [Loading] Done in /Users/nursatsaduahasov/Documents/Highloaded/Final/project, returning: ()
[debug] deducing auto plugins based on known facts Set(Atom(sbt.plugins.CorePlugin)) and clauses Clauses(List(Clause(Atom(sbt.plugins.JvmPlugin),Set(Atom(sbt.plugins.IvyPlugin))), Clause(Atom(sbt.ScriptedPlugin),Set(Atom(sbt.plugins.JvmPlugin))), Clause(Atom(sbt.plugins.SbtPlugin),Set(Atom(sbt.ScriptedPlugin))), Clause(Atom(sbt.plugins.SemanticdbPlugin),Set(Atom(sbt.plugins.JvmPlugin))), Clause(Atom(sbt.plugins.JUnitXmlReportPlugin),Set(Atom(sbt.plugins.JvmPlugin))), Clause(Atom(sbt.plugins.MiniDependencyTreePlugin),Set(Atom(sbt.plugins.JvmPlugin))), Clause(Atom(sbt.plugins.CorePlugin),Set(Atom(sbt.plugins.IvyPlugin))), Clause(Atom(sbt.plugins.IvyPlugin),Set(Atom(sbt.plugins.JvmPlugin))), Clause(Atom(sbt.plugins.JvmPlugin),Set(Atom(sbt.plugins.SemanticdbPlugin))), Clause(Atom(sbt.plugins.JvmPlugin),Set(Atom(sbt.plugins.JUnitXmlReportPlugin))), Clause(Atom(sbt.plugins.CorePlugin),Set(Atom(sbt.plugins.Giter8TemplatePlugin))), Clause(Atom(sbt.plugins.JvmPlugin),Set(Atom(sbt.plugins.MiniDependencyTreePlugin)))))
[debug]   :: deduced result: Matched(sbt.plugins.CorePlugin,sbt.plugins.Giter8TemplatePlugin,sbt.plugins.IvyPlugin,sbt.plugins.JvmPlugin,sbt.plugins.MiniDependencyTreePlugin,sbt.plugins.JUnitXmlReportPlugin,sbt.plugins.SemanticdbPlugin)
[debug] Plugins.deducer#function took 2.461159 ms
[debug]               Load.resolveProject(final-build) took 1.27314ms
[debug]             Load.loadTransitive: finalizeProject(Project(id final-build, base: /Users/nursatsaduahasov/Documents/Highloaded/Final/project, plugins: List(<none>))) took 4.357773ms
[debug] [Loading] Done in /Users/nursatsaduahasov/Documents/Highloaded/Final/project, returning: (final-build)
[debug]           Load.loadUnit: loadedProjectsRaw took 6.284524ms
[debug]           Load.loadUnit: cleanEvalClasses took 0.012161ms
[debug]         Load.loadUnit(file:/Users/nursatsaduahasov/Documents/Highloaded/Final/project/, ...) took 26.761747ms
[debug]       Load.apply: load took 28.467391ms
[debug]       Load.apply: resolveProjects took 0.121769ms
[debug]       Load.apply: finalTransforms took 15.216883ms
[debug]       Load.apply: config.delegates took 0.395251ms
[debug]       Load.apply: Def.make(settings)... took 108.184011ms
[debug]       Load.apply: structureIndex took 35.734334ms
[debug]       Load.apply: mkStreams took 0.003017ms
[info] loading project definition from /Users/nursatsaduahasov/Documents/Highloaded/Final/project
[debug] Running task... Cancel: Signal, check cycles: false, forcegc: true
[debug]     Load.loadUnit: plugins took 345.753093ms
[debug]     Load.loadUnit: defsScala took 0.005133ms
[debug] [Loading] Scanning directory /Users/nursatsaduahasov/Documents/Highloaded/Final
[debug]       Load.loadUnit: mkEval took 4.570522ms
[debug] [Loading] Found non-root projects 
[debug] [Loading] Done in /Users/nursatsaduahasov/Documents/Highloaded/Final, returning: ()
[debug] deducing auto plugins based on known facts Set(Atom(sbt.plugins.CorePlugin)) and clauses Clauses(List(Clause(Atom(sbt.plugins.JvmPlugin),Set(Atom(sbt.plugins.IvyPlugin))), Clause(Atom(sbt.ScriptedPlugin),Set(Atom(sbt.plugins.JvmPlugin))), Clause(Atom(sbt.plugins.SbtPlugin),Set(Atom(sbt.ScriptedPlugin))), Clause(Atom(sbt.plugins.SemanticdbPlugin),Set(Atom(sbt.plugins.JvmPlugin))), Clause(Atom(sbt.plugins.JUnitXmlReportPlugin),Set(Atom(sbt.plugins.JvmPlugin))), Clause(Atom(sbt.plugins.MiniDependencyTreePlugin),Set(Atom(sbt.plugins.JvmPlugin))), Clause(Atom(sbt.plugins.CorePlugin),Set(Atom(sbt.plugins.IvyPlugin))), Clause(Atom(sbt.plugins.IvyPlugin),Set(Atom(sbt.plugins.JvmPlugin))), Clause(Atom(sbt.plugins.JvmPlugin),Set(Atom(sbt.plugins.SemanticdbPlugin))), Clause(Atom(sbt.plugins.JvmPlugin),Set(Atom(sbt.plugins.JUnitXmlReportPlugin))), Clause(Atom(sbt.plugins.CorePlugin),Set(Atom(sbt.plugins.Giter8TemplatePlugin))), Clause(Atom(sbt.plugins.JvmPlugin),Set(Atom(sbt.plugins.MiniDependencyTreePlugin)))))
[debug]   :: deduced result: Matched(sbt.plugins.CorePlugin,sbt.plugins.Giter8TemplatePlugin,sbt.plugins.IvyPlugin,sbt.plugins.JvmPlugin,sbt.plugins.MiniDependencyTreePlugin,sbt.plugins.JUnitXmlReportPlugin,sbt.plugins.SemanticdbPlugin)
[debug] Plugins.deducer#function took 1.895524 ms
[info] loading settings for project final from build.sbt ...
[debug]         Load.resolveProject(final) took 2.539713ms
[debug]       Load.loadTransitive: finalizeProject(Project(id final, base: /Users/nursatsaduahasov/Documents/Highloaded/Final, plugins: List(<none>))) took 4.957877ms
[debug] [Loading] Done in /Users/nursatsaduahasov/Documents/Highloaded/Final, returning: (final)
[debug]     Load.loadUnit: loadedProjectsRaw took 148.601355ms
[debug]     Load.loadUnit: cleanEvalClasses took 5.754016ms
[debug]   Load.loadUnit(file:/Users/nursatsaduahasov/Documents/Highloaded/Final/, ...) took 500.961674ms
[debug] Load.apply: load took 502.337368ms
[debug] Load.apply: resolveProjects took 0.112469ms
[debug] Load.apply: finalTransforms took 9.571446ms
[debug] Load.apply: config.delegates took 0.333572ms
[debug] Load.apply: Def.make(settings)... took 99.809754ms
[debug] Load.apply: structureIndex took 22.576938ms
[debug] Load.apply: mkStreams took 0.002309ms
[info] set current project to Final (in build file:/Users/nursatsaduahasov/Documents/Highloaded/Final/)
[debug] > Exec(sbtPopOnFailure, None, None)
[debug] > Exec(resumeFromFailure, None, None)
[debug] > Exec(notifyUsersAboutShell, None, None)
[debug] > Exec(iflast shell, None, None)
[debug] > Exec(run, None, None)
[debug] Evaluating tasks: Compile / run
[debug] Running task... Cancel: Signal, check cycles: false, forcegc: true
[info] compiling 1 Scala source to /Users/nursatsaduahasov/Documents/Highloaded/Final/target/scala-2.13/classes ...
[warn] /Users/nursatsaduahasov/Documents/Highloaded/Final/src/main/scala/HistoryService.scala:35:5: Reference to uninitialized value control
[warn]     control.shutdown().onComplete{
[warn]     ^
[warn] 1 deprecation (since 2.0.0); re-run with -deprecation for details
[warn] two warnings found
[info] done compiling
