[debug] > Exec(early(addDefaultCommands), None, None)
[debug] > Exec(addDefaultCommands, None, None)
[debug] > Exec(early(initialize), None, None)
[debug] > Exec(initialize, None, None)
[debug] > Exec(boot, None, None)
[debug] > Exec(writeSbtVersion, None, None)
[debug] > Exec(reload, None, None)
[debug] > Exec(sbtStashOnFailure, None, None)
[debug] > Exec(onFailure loadFailed, None, None)
[debug] > Exec(loadp, None, None)
[info] welcome to sbt 1.4.4 (Oracle Corporation Java 14.0.1)
[debug]       Load.loadUnit: plugins took 151.682507ms
[debug]       Load.loadUnit: defsScala took 0.402132ms
[debug] [Loading] Scanning directory /Users/nursatsaduahasov/.sbt/1.0/plugins
[debug] [Loading] Found non-root projects 
[debug] [Loading] Done in /Users/nursatsaduahasov/.sbt/1.0/plugins, returning: ()
[debug] deducing auto plugins based on known facts Set(Atom(sbt.plugins.CorePlugin)) and clauses Clauses(List(Clause(Atom(sbt.plugins.JvmPlugin),Set(Atom(sbt.plugins.IvyPlugin))), Clause(Atom(sbt.ScriptedPlugin),Set(Atom(sbt.plugins.JvmPlugin))), Clause(Atom(sbt.plugins.SbtPlugin),Set(Atom(sbt.ScriptedPlugin))), Clause(Atom(sbt.plugins.SemanticdbPlugin),Set(Atom(sbt.plugins.JvmPlugin))), Clause(Atom(sbt.plugins.JUnitXmlReportPlugin),Set(Atom(sbt.plugins.JvmPlugin))), Clause(Atom(sbt.plugins.MiniDependencyTreePlugin),Set(Atom(sbt.plugins.JvmPlugin))), Clause(Atom(sbt.plugins.CorePlugin),Set(Atom(sbt.plugins.IvyPlugin))), Clause(Atom(sbt.plugins.IvyPlugin),Set(Atom(sbt.plugins.JvmPlugin))), Clause(Atom(sbt.plugins.JvmPlugin),Set(Atom(sbt.plugins.SemanticdbPlugin))), Clause(Atom(sbt.plugins.JvmPlugin),Set(Atom(sbt.plugins.JUnitXmlReportPlugin))), Clause(Atom(sbt.plugins.CorePlugin),Set(Atom(sbt.plugins.Giter8TemplatePlugin))), Clause(Atom(sbt.plugins.JvmPlugin),Set(Atom(sbt.plugins.MiniDependencyTreePlugin)))))
[debug]   :: deduced result: Matched(sbt.plugins.CorePlugin,sbt.plugins.Giter8TemplatePlugin,sbt.plugins.IvyPlugin,sbt.plugins.JvmPlugin,sbt.plugins.MiniDependencyTreePlugin,sbt.plugins.JUnitXmlReportPlugin,sbt.plugins.SemanticdbPlugin)
[debug] Plugins.deducer#function took 30.511002 ms
[debug]           Load.resolveProject(global-plugins) took 74.480609ms
[debug]         Load.loadTransitive: finalizeProject(Project(id global-plugins, base: /Users/nursatsaduahasov/.sbt/1.0/plugins, plugins: List(<none>))) took 140.405113ms
[debug] [Loading] Done in /Users/nursatsaduahasov/.sbt/1.0/plugins, returning: (global-plugins)
[debug]       Load.loadUnit: loadedProjectsRaw took 176.453982ms
[debug]       Load.loadUnit: cleanEvalClasses took 0.256057ms
[debug]     Load.loadUnit(file:/Users/nursatsaduahasov/.sbt/1.0/plugins/, ...) took 337.831553ms
[debug]   Load.apply: load took 1429.469314ms
[debug]   Load.apply: resolveProjects took 6.012685ms
[debug]   Load.apply: finalTransforms took 122.501433ms
[debug]   Load.apply: config.delegates took 9.761856ms
[debug]   Load.apply: Def.make(settings)... took 428.854518ms
[debug]   Load.apply: structureIndex took 93.322979ms
[debug]   Load.apply: mkStreams took 2.320671ms
[info] loading global plugins from /Users/nursatsaduahasov/.sbt/1.0/plugins
[debug] Running task... Cancel: Signal, check cycles: false, forcegc: true
[debug] Load.defaultLoad until apply took 3718.513377ms
[debug]           Load.loadUnit: plugins took 22.89816ms
[debug]           Load.loadUnit: defsScala took 0.005331ms
[debug] [Loading] Scanning directory /Users/nursatsaduahasov/Documents/Highloaded/Final/project
[debug] [Loading] Found non-root projects 
[debug] [Loading] Done in /Users/nursatsaduahasov/Documents/Highloaded/Final/project, returning: ()
[debug] deducing auto plugins based on known facts Set(Atom(sbt.plugins.CorePlugin)) and clauses Clauses(List(Clause(Atom(sbt.plugins.JvmPlugin),Set(Atom(sbt.plugins.IvyPlugin))), Clause(Atom(sbt.ScriptedPlugin),Set(Atom(sbt.plugins.JvmPlugin))), Clause(Atom(sbt.plugins.SbtPlugin),Set(Atom(sbt.ScriptedPlugin))), Clause(Atom(sbt.plugins.SemanticdbPlugin),Set(Atom(sbt.plugins.JvmPlugin))), Clause(Atom(sbt.plugins.JUnitXmlReportPlugin),Set(Atom(sbt.plugins.JvmPlugin))), Clause(Atom(sbt.plugins.MiniDependencyTreePlugin),Set(Atom(sbt.plugins.JvmPlugin))), Clause(Atom(sbt.plugins.CorePlugin),Set(Atom(sbt.plugins.IvyPlugin))), Clause(Atom(sbt.plugins.IvyPlugin),Set(Atom(sbt.plugins.JvmPlugin))), Clause(Atom(sbt.plugins.JvmPlugin),Set(Atom(sbt.plugins.SemanticdbPlugin))), Clause(Atom(sbt.plugins.JvmPlugin),Set(Atom(sbt.plugins.JUnitXmlReportPlugin))), Clause(Atom(sbt.plugins.CorePlugin),Set(Atom(sbt.plugins.Giter8TemplatePlugin))), Clause(Atom(sbt.plugins.JvmPlugin),Set(Atom(sbt.plugins.MiniDependencyTreePlugin)))))
[debug]   :: deduced result: Matched(sbt.plugins.CorePlugin,sbt.plugins.Giter8TemplatePlugin,sbt.plugins.IvyPlugin,sbt.plugins.JvmPlugin,sbt.plugins.MiniDependencyTreePlugin,sbt.plugins.JUnitXmlReportPlugin,sbt.plugins.SemanticdbPlugin)
[debug] Plugins.deducer#function took 3.564125 ms
[debug]               Load.resolveProject(final-build) took 1.543272ms
[debug]             Load.loadTransitive: finalizeProject(Project(id final-build, base: /Users/nursatsaduahasov/Documents/Highloaded/Final/project, plugins: List(<none>))) took 5.887186ms
[debug] [Loading] Done in /Users/nursatsaduahasov/Documents/Highloaded/Final/project, returning: (final-build)
[debug]           Load.loadUnit: loadedProjectsRaw took 8.957091ms
[debug]           Load.loadUnit: cleanEvalClasses took 0.012884ms
[debug]         Load.loadUnit(file:/Users/nursatsaduahasov/Documents/Highloaded/Final/project/, ...) took 32.803219ms
[debug]       Load.apply: load took 34.268311ms
[debug]       Load.apply: resolveProjects took 0.094265ms
[debug]       Load.apply: finalTransforms took 18.902408ms
[debug]       Load.apply: config.delegates took 0.450896ms
[debug]       Load.apply: Def.make(settings)... took 130.348208ms
[debug]       Load.apply: structureIndex took 39.002549ms
[debug]       Load.apply: mkStreams took 0.003388ms
[info] loading project definition from /Users/nursatsaduahasov/Documents/Highloaded/Final/project
[debug] Running task... Cancel: Signal, check cycles: false, forcegc: true
[debug]     Load.loadUnit: plugins took 482.476632ms
[debug]     Load.loadUnit: defsScala took 0.003076ms
[debug] [Loading] Scanning directory /Users/nursatsaduahasov/Documents/Highloaded/Final
[debug]       Load.loadUnit: mkEval took 4.136113ms
[debug] [Loading] Found non-root projects 
[debug] [Loading] Done in /Users/nursatsaduahasov/Documents/Highloaded/Final, returning: ()
[debug] deducing auto plugins based on known facts Set(Atom(sbt.plugins.CorePlugin)) and clauses Clauses(List(Clause(Atom(sbt.plugins.JvmPlugin),Set(Atom(sbt.plugins.IvyPlugin))), Clause(Atom(sbt.ScriptedPlugin),Set(Atom(sbt.plugins.JvmPlugin))), Clause(Atom(sbt.plugins.SbtPlugin),Set(Atom(sbt.ScriptedPlugin))), Clause(Atom(sbt.plugins.SemanticdbPlugin),Set(Atom(sbt.plugins.JvmPlugin))), Clause(Atom(sbt.plugins.JUnitXmlReportPlugin),Set(Atom(sbt.plugins.JvmPlugin))), Clause(Atom(sbt.plugins.MiniDependencyTreePlugin),Set(Atom(sbt.plugins.JvmPlugin))), Clause(Atom(sbt.plugins.CorePlugin),Set(Atom(sbt.plugins.IvyPlugin))), Clause(Atom(sbt.plugins.IvyPlugin),Set(Atom(sbt.plugins.JvmPlugin))), Clause(Atom(sbt.plugins.JvmPlugin),Set(Atom(sbt.plugins.SemanticdbPlugin))), Clause(Atom(sbt.plugins.JvmPlugin),Set(Atom(sbt.plugins.JUnitXmlReportPlugin))), Clause(Atom(sbt.plugins.CorePlugin),Set(Atom(sbt.plugins.Giter8TemplatePlugin))), Clause(Atom(sbt.plugins.JvmPlugin),Set(Atom(sbt.plugins.MiniDependencyTreePlugin)))))
[debug]   :: deduced result: Matched(sbt.plugins.CorePlugin,sbt.plugins.Giter8TemplatePlugin,sbt.plugins.IvyPlugin,sbt.plugins.JvmPlugin,sbt.plugins.MiniDependencyTreePlugin,sbt.plugins.JUnitXmlReportPlugin,sbt.plugins.SemanticdbPlugin)
[debug] Plugins.deducer#function took 1.358973 ms
[info] loading settings for project final from build.sbt ...
[debug]         Load.resolveProject(final) took 1.921619ms
[debug]       Load.loadTransitive: finalizeProject(Project(id final, base: /Users/nursatsaduahasov/Documents/Highloaded/Final, plugins: List(<none>))) took 3.75579ms
[debug] [Loading] Done in /Users/nursatsaduahasov/Documents/Highloaded/Final, returning: (final)
[debug]     Load.loadUnit: loadedProjectsRaw took 115.053706ms
[debug]     Load.loadUnit: cleanEvalClasses took 6.47267ms
[debug]   Load.loadUnit(file:/Users/nursatsaduahasov/Documents/Highloaded/Final/, ...) took 604.738393ms
[debug] Load.apply: load took 605.825887ms
[debug] Load.apply: resolveProjects took 0.106815ms
[debug] Load.apply: finalTransforms took 15.858882ms
[debug] Load.apply: config.delegates took 0.278032ms
[debug] Load.apply: Def.make(settings)... took 108.914253ms
[debug] Load.apply: structureIndex took 27.745714ms
[debug] Load.apply: mkStreams took 0.002663ms
[info] set current project to Final (in build file:/Users/nursatsaduahasov/Documents/Highloaded/Final/)
[debug] > Exec(sbtPopOnFailure, None, None)
[debug] > Exec(resumeFromFailure, None, None)
[debug] > Exec(notifyUsersAboutShell, None, None)
[debug] > Exec(iflast shell, None, None)
[debug] > Exec(run, None, None)
[debug] Evaluating tasks: Compile / run
[debug] Running task... Cancel: Signal, check cycles: false, forcegc: true
[info] compiling 3 Scala sources to /Users/nursatsaduahasov/Documents/Highloaded/Final/target/scala-2.13/classes ...
[warn] /Users/nursatsaduahasov/Documents/Highloaded/Final/src/main/scala/HistoryService.scala:35:52: match may not be exhaustive.
[warn] It would fail on the following input: Failure(_)
[warn]     control.flatMap(_.drainAndShutdown().onComplete{
[warn]                                                    ^
[warn] /Users/nursatsaduahasov/Documents/Highloaded/Final/src/main/scala/Main.scala:19:41: match may not be exhaustive.
[warn] It would fail on the following input: Failure(_)
[warn]     (node ? Node.GetHistory).onComplete {
[warn]                                         ^
[warn] two warnings found
[info] done compiling
