[debug] > Exec(early(addDefaultCommands), None, None)
[debug] > Exec(addDefaultCommands, None, None)
[debug] > Exec(early(initialize), None, None)
[debug] > Exec(initialize, None, None)
[debug] > Exec(boot, None, None)
[debug] > Exec(writeSbtVersion, None, None)
[debug] > Exec(reload, None, None)
[debug] > Exec(sbtStashOnFailure, None, None)
[debug] > Exec(onFailure loadFailed, None, None)
[debug] > Exec(loadp, None, None)
[info] welcome to sbt 1.4.4 (Oracle Corporation Java 14.0.1)
[debug]       Load.loadUnit: plugins took 166.701781ms
[debug]       Load.loadUnit: defsScala took 0.341932ms
[debug] [Loading] Scanning directory /Users/nursatsaduahasov/.sbt/1.0/plugins
[debug] [Loading] Found non-root projects 
[debug] [Loading] Done in /Users/nursatsaduahasov/.sbt/1.0/plugins, returning: ()
[debug] deducing auto plugins based on known facts Set(Atom(sbt.plugins.CorePlugin)) and clauses Clauses(List(Clause(Atom(sbt.plugins.JvmPlugin),Set(Atom(sbt.plugins.IvyPlugin))), Clause(Atom(sbt.ScriptedPlugin),Set(Atom(sbt.plugins.JvmPlugin))), Clause(Atom(sbt.plugins.SbtPlugin),Set(Atom(sbt.ScriptedPlugin))), Clause(Atom(sbt.plugins.SemanticdbPlugin),Set(Atom(sbt.plugins.JvmPlugin))), Clause(Atom(sbt.plugins.JUnitXmlReportPlugin),Set(Atom(sbt.plugins.JvmPlugin))), Clause(Atom(sbt.plugins.MiniDependencyTreePlugin),Set(Atom(sbt.plugins.JvmPlugin))), Clause(Atom(sbt.plugins.CorePlugin),Set(Atom(sbt.plugins.IvyPlugin))), Clause(Atom(sbt.plugins.IvyPlugin),Set(Atom(sbt.plugins.JvmPlugin))), Clause(Atom(sbt.plugins.JvmPlugin),Set(Atom(sbt.plugins.SemanticdbPlugin))), Clause(Atom(sbt.plugins.JvmPlugin),Set(Atom(sbt.plugins.JUnitXmlReportPlugin))), Clause(Atom(sbt.plugins.CorePlugin),Set(Atom(sbt.plugins.Giter8TemplatePlugin))), Clause(Atom(sbt.plugins.JvmPlugin),Set(Atom(sbt.plugins.MiniDependencyTreePlugin)))))
[debug]   :: deduced result: Matched(sbt.plugins.CorePlugin,sbt.plugins.Giter8TemplatePlugin,sbt.plugins.IvyPlugin,sbt.plugins.JvmPlugin,sbt.plugins.MiniDependencyTreePlugin,sbt.plugins.JUnitXmlReportPlugin,sbt.plugins.SemanticdbPlugin)
[debug] Plugins.deducer#function took 28.829694 ms
[debug]           Load.resolveProject(global-plugins) took 43.335727ms
[debug]         Load.loadTransitive: finalizeProject(Project(id global-plugins, base: /Users/nursatsaduahasov/.sbt/1.0/plugins, plugins: List(<none>))) took 113.678868ms
[debug] [Loading] Done in /Users/nursatsaduahasov/.sbt/1.0/plugins, returning: (global-plugins)
[debug]       Load.loadUnit: loadedProjectsRaw took 149.457661ms
[debug]       Load.loadUnit: cleanEvalClasses took 0.229736ms
[debug]     Load.loadUnit(file:/Users/nursatsaduahasov/.sbt/1.0/plugins/, ...) took 332.485909ms
[debug]   Load.apply: load took 1061.790726ms
[debug]   Load.apply: resolveProjects took 7.510907ms
[debug]   Load.apply: finalTransforms took 75.998572ms
[debug]   Load.apply: config.delegates took 34.645115ms
[debug]   Load.apply: Def.make(settings)... took 388.085388ms
[debug]   Load.apply: structureIndex took 112.762509ms
[debug]   Load.apply: mkStreams took 1.52134ms
[info] loading global plugins from /Users/nursatsaduahasov/.sbt/1.0/plugins
[debug] Running task... Cancel: Signal, check cycles: false, forcegc: true
[debug] Load.defaultLoad until apply took 3431.873444ms
[debug]           Load.loadUnit: plugins took 20.554136ms
[debug]           Load.loadUnit: defsScala took 0.005629ms
[debug] [Loading] Scanning directory /Users/nursatsaduahasov/Documents/Highloaded/Final/project
[debug] [Loading] Found non-root projects 
[debug] [Loading] Done in /Users/nursatsaduahasov/Documents/Highloaded/Final/project, returning: ()
[debug] deducing auto plugins based on known facts Set(Atom(sbt.plugins.CorePlugin)) and clauses Clauses(List(Clause(Atom(sbt.plugins.JvmPlugin),Set(Atom(sbt.plugins.IvyPlugin))), Clause(Atom(sbt.ScriptedPlugin),Set(Atom(sbt.plugins.JvmPlugin))), Clause(Atom(sbt.plugins.SbtPlugin),Set(Atom(sbt.ScriptedPlugin))), Clause(Atom(sbt.plugins.SemanticdbPlugin),Set(Atom(sbt.plugins.JvmPlugin))), Clause(Atom(sbt.plugins.JUnitXmlReportPlugin),Set(Atom(sbt.plugins.JvmPlugin))), Clause(Atom(sbt.plugins.MiniDependencyTreePlugin),Set(Atom(sbt.plugins.JvmPlugin))), Clause(Atom(sbt.plugins.CorePlugin),Set(Atom(sbt.plugins.IvyPlugin))), Clause(Atom(sbt.plugins.IvyPlugin),Set(Atom(sbt.plugins.JvmPlugin))), Clause(Atom(sbt.plugins.JvmPlugin),Set(Atom(sbt.plugins.SemanticdbPlugin))), Clause(Atom(sbt.plugins.JvmPlugin),Set(Atom(sbt.plugins.JUnitXmlReportPlugin))), Clause(Atom(sbt.plugins.CorePlugin),Set(Atom(sbt.plugins.Giter8TemplatePlugin))), Clause(Atom(sbt.plugins.JvmPlugin),Set(Atom(sbt.plugins.MiniDependencyTreePlugin)))))
[debug]   :: deduced result: Matched(sbt.plugins.CorePlugin,sbt.plugins.Giter8TemplatePlugin,sbt.plugins.IvyPlugin,sbt.plugins.JvmPlugin,sbt.plugins.MiniDependencyTreePlugin,sbt.plugins.JUnitXmlReportPlugin,sbt.plugins.SemanticdbPlugin)
[debug] Plugins.deducer#function took 2.570296 ms
[debug]               Load.resolveProject(final-build) took 1.473856ms
[debug]             Load.loadTransitive: finalizeProject(Project(id final-build, base: /Users/nursatsaduahasov/Documents/Highloaded/Final/project, plugins: List(<none>))) took 4.729527ms
[debug] [Loading] Done in /Users/nursatsaduahasov/Documents/Highloaded/Final/project, returning: (final-build)
[debug]           Load.loadUnit: loadedProjectsRaw took 7.026192ms
[debug]           Load.loadUnit: cleanEvalClasses took 0.028442ms
[debug]         Load.loadUnit(file:/Users/nursatsaduahasov/Documents/Highloaded/Final/project/, ...) took 28.42181ms
[debug]       Load.apply: load took 29.89879ms
[debug]       Load.apply: resolveProjects took 0.12292ms
[debug]       Load.apply: finalTransforms took 18.654095ms
[debug]       Load.apply: config.delegates took 0.459878ms
[debug]       Load.apply: Def.make(settings)... took 111.266605ms
[debug]       Load.apply: structureIndex took 37.895979ms
[debug]       Load.apply: mkStreams took 0.003129ms
[info] loading project definition from /Users/nursatsaduahasov/Documents/Highloaded/Final/project
[debug] Running task... Cancel: Signal, check cycles: false, forcegc: true
[debug]     Load.loadUnit: plugins took 360.881873ms
[debug]     Load.loadUnit: defsScala took 0.004572ms
[debug] [Loading] Scanning directory /Users/nursatsaduahasov/Documents/Highloaded/Final
[debug]       Load.loadUnit: mkEval took 5.13642ms
[debug] [Loading] Found non-root projects 
[debug] [Loading] Done in /Users/nursatsaduahasov/Documents/Highloaded/Final, returning: ()
[debug] deducing auto plugins based on known facts Set(Atom(sbt.plugins.CorePlugin)) and clauses Clauses(List(Clause(Atom(sbt.plugins.JvmPlugin),Set(Atom(sbt.plugins.IvyPlugin))), Clause(Atom(sbt.ScriptedPlugin),Set(Atom(sbt.plugins.JvmPlugin))), Clause(Atom(sbt.plugins.SbtPlugin),Set(Atom(sbt.ScriptedPlugin))), Clause(Atom(sbt.plugins.SemanticdbPlugin),Set(Atom(sbt.plugins.JvmPlugin))), Clause(Atom(sbt.plugins.JUnitXmlReportPlugin),Set(Atom(sbt.plugins.JvmPlugin))), Clause(Atom(sbt.plugins.MiniDependencyTreePlugin),Set(Atom(sbt.plugins.JvmPlugin))), Clause(Atom(sbt.plugins.CorePlugin),Set(Atom(sbt.plugins.IvyPlugin))), Clause(Atom(sbt.plugins.IvyPlugin),Set(Atom(sbt.plugins.JvmPlugin))), Clause(Atom(sbt.plugins.JvmPlugin),Set(Atom(sbt.plugins.SemanticdbPlugin))), Clause(Atom(sbt.plugins.JvmPlugin),Set(Atom(sbt.plugins.JUnitXmlReportPlugin))), Clause(Atom(sbt.plugins.CorePlugin),Set(Atom(sbt.plugins.Giter8TemplatePlugin))), Clause(Atom(sbt.plugins.JvmPlugin),Set(Atom(sbt.plugins.MiniDependencyTreePlugin)))))
[debug]   :: deduced result: Matched(sbt.plugins.CorePlugin,sbt.plugins.Giter8TemplatePlugin,sbt.plugins.IvyPlugin,sbt.plugins.JvmPlugin,sbt.plugins.MiniDependencyTreePlugin,sbt.plugins.JUnitXmlReportPlugin,sbt.plugins.SemanticdbPlugin)
[debug] Plugins.deducer#function took 2.306888 ms
[info] loading settings for project final from build.sbt ...
[debug]         Load.resolveProject(final) took 2.793148ms
[debug]       Load.loadTransitive: finalizeProject(Project(id final, base: /Users/nursatsaduahasov/Documents/Highloaded/Final, plugins: List(<none>))) took 5.709831ms
[debug] [Loading] Done in /Users/nursatsaduahasov/Documents/Highloaded/Final, returning: (final)
[debug]     Load.loadUnit: loadedProjectsRaw took 138.904892ms
[debug]     Load.loadUnit: cleanEvalClasses took 5.173563ms
[debug]   Load.loadUnit(file:/Users/nursatsaduahasov/Documents/Highloaded/Final/, ...) took 505.891765ms
[debug] Load.apply: load took 507.844744ms
[debug] Load.apply: resolveProjects took 0.1453ms
[debug] Load.apply: finalTransforms took 11.24569ms
[debug] Load.apply: config.delegates took 0.347246ms
[debug] Load.apply: Def.make(settings)... took 140.141774ms
[debug] Load.apply: structureIndex took 23.449987ms
[debug] Load.apply: mkStreams took 0.002265ms
[info] set current project to Final (in build file:/Users/nursatsaduahasov/Documents/Highloaded/Final/)
[debug] > Exec(sbtPopOnFailure, None, None)
[debug] > Exec(resumeFromFailure, None, None)
[debug] > Exec(notifyUsersAboutShell, None, None)
[debug] > Exec(iflast shell, None, None)
[debug] > Exec(run, None, None)
[debug] Evaluating tasks: Compile / run
[debug] Running task... Cancel: Signal, check cycles: false, forcegc: true
[info] compiling 1 Scala source to /Users/nursatsaduahasov/Documents/Highloaded/Final/target/scala-2.13/classes ...
[warn] /Users/nursatsaduahasov/Documents/Highloaded/Final/src/main/scala/HistoryService.scala:36:31: match may not be exhaustive.
[warn] It would fail on the following input: Failure(_)
[warn]     control.stop().onComplete {
[warn]                               ^
[warn] /Users/nursatsaduahasov/Documents/Highloaded/Final/src/main/scala/HistoryService.scala:36:5: Reference to uninitialized value control
[warn]     control.stop().onComplete {
[warn]     ^
[warn] two warnings found
[info] done compiling
