[debug] > Exec(early(addDefaultCommands), None, None)
[debug] > Exec(addDefaultCommands, None, None)
[debug] > Exec(early(initialize), None, None)
[debug] > Exec(initialize, None, None)
[debug] > Exec(boot, None, None)
[debug] > Exec(writeSbtVersion, None, None)
[debug] > Exec(reload, None, None)
[debug] > Exec(sbtStashOnFailure, None, None)
[debug] > Exec(onFailure loadFailed, None, None)
[debug] > Exec(loadp, None, None)
[info] welcome to sbt 1.4.4 (Oracle Corporation Java 14.0.1)
[debug]       Load.loadUnit: plugins took 104.446634ms
[debug]       Load.loadUnit: defsScala took 0.227527ms
[debug] [Loading] Scanning directory /Users/nursatsaduahasov/.sbt/1.0/plugins
[debug] [Loading] Found non-root projects 
[debug] [Loading] Done in /Users/nursatsaduahasov/.sbt/1.0/plugins, returning: ()
[debug] deducing auto plugins based on known facts Set(Atom(sbt.plugins.CorePlugin)) and clauses Clauses(List(Clause(Atom(sbt.plugins.JvmPlugin),Set(Atom(sbt.plugins.IvyPlugin))), Clause(Atom(sbt.ScriptedPlugin),Set(Atom(sbt.plugins.JvmPlugin))), Clause(Atom(sbt.plugins.SbtPlugin),Set(Atom(sbt.ScriptedPlugin))), Clause(Atom(sbt.plugins.SemanticdbPlugin),Set(Atom(sbt.plugins.JvmPlugin))), Clause(Atom(sbt.plugins.JUnitXmlReportPlugin),Set(Atom(sbt.plugins.JvmPlugin))), Clause(Atom(sbt.plugins.MiniDependencyTreePlugin),Set(Atom(sbt.plugins.JvmPlugin))), Clause(Atom(sbt.plugins.CorePlugin),Set(Atom(sbt.plugins.IvyPlugin))), Clause(Atom(sbt.plugins.IvyPlugin),Set(Atom(sbt.plugins.JvmPlugin))), Clause(Atom(sbt.plugins.JvmPlugin),Set(Atom(sbt.plugins.SemanticdbPlugin))), Clause(Atom(sbt.plugins.JvmPlugin),Set(Atom(sbt.plugins.JUnitXmlReportPlugin))), Clause(Atom(sbt.plugins.CorePlugin),Set(Atom(sbt.plugins.Giter8TemplatePlugin))), Clause(Atom(sbt.plugins.JvmPlugin),Set(Atom(sbt.plugins.MiniDependencyTreePlugin)))))
[debug]   :: deduced result: Matched(sbt.plugins.CorePlugin,sbt.plugins.Giter8TemplatePlugin,sbt.plugins.IvyPlugin,sbt.plugins.JvmPlugin,sbt.plugins.MiniDependencyTreePlugin,sbt.plugins.JUnitXmlReportPlugin,sbt.plugins.SemanticdbPlugin)
[debug] Plugins.deducer#function took 30.311379 ms
[debug]           Load.resolveProject(global-plugins) took 56.719431ms
[debug]         Load.loadTransitive: finalizeProject(Project(id global-plugins, base: /Users/nursatsaduahasov/.sbt/1.0/plugins, plugins: List(<none>))) took 114.24175ms
[debug] [Loading] Done in /Users/nursatsaduahasov/.sbt/1.0/plugins, returning: (global-plugins)
[debug]       Load.loadUnit: loadedProjectsRaw took 144.256289ms
[debug]       Load.loadUnit: cleanEvalClasses took 0.245366ms
[debug]     Load.loadUnit(file:/Users/nursatsaduahasov/.sbt/1.0/plugins/, ...) took 260.44784ms
[debug]   Load.apply: load took 1130.165933ms
[debug]   Load.apply: resolveProjects took 9.078303ms
[debug]   Load.apply: finalTransforms took 68.783111ms
[debug]   Load.apply: config.delegates took 9.426039ms
[debug]   Load.apply: Def.make(settings)... took 441.027477ms
[debug]   Load.apply: structureIndex took 111.970097ms
[debug]   Load.apply: mkStreams took 2.835416ms
[info] loading global plugins from /Users/nursatsaduahasov/.sbt/1.0/plugins
[debug] Running task... Cancel: Signal, check cycles: false, forcegc: true
[debug] Load.defaultLoad until apply took 3650.813194ms
[debug]           Load.loadUnit: plugins took 23.504734ms
[debug]           Load.loadUnit: defsScala took 0.003358ms
[debug] [Loading] Scanning directory /Users/nursatsaduahasov/Documents/Highloaded/Final/project
[debug] [Loading] Found non-root projects 
[debug] [Loading] Done in /Users/nursatsaduahasov/Documents/Highloaded/Final/project, returning: ()
[debug] deducing auto plugins based on known facts Set(Atom(sbt.plugins.CorePlugin)) and clauses Clauses(List(Clause(Atom(sbt.plugins.JvmPlugin),Set(Atom(sbt.plugins.IvyPlugin))), Clause(Atom(sbt.ScriptedPlugin),Set(Atom(sbt.plugins.JvmPlugin))), Clause(Atom(sbt.plugins.SbtPlugin),Set(Atom(sbt.ScriptedPlugin))), Clause(Atom(sbt.plugins.SemanticdbPlugin),Set(Atom(sbt.plugins.JvmPlugin))), Clause(Atom(sbt.plugins.JUnitXmlReportPlugin),Set(Atom(sbt.plugins.JvmPlugin))), Clause(Atom(sbt.plugins.MiniDependencyTreePlugin),Set(Atom(sbt.plugins.JvmPlugin))), Clause(Atom(sbt.plugins.CorePlugin),Set(Atom(sbt.plugins.IvyPlugin))), Clause(Atom(sbt.plugins.IvyPlugin),Set(Atom(sbt.plugins.JvmPlugin))), Clause(Atom(sbt.plugins.JvmPlugin),Set(Atom(sbt.plugins.SemanticdbPlugin))), Clause(Atom(sbt.plugins.JvmPlugin),Set(Atom(sbt.plugins.JUnitXmlReportPlugin))), Clause(Atom(sbt.plugins.CorePlugin),Set(Atom(sbt.plugins.Giter8TemplatePlugin))), Clause(Atom(sbt.plugins.JvmPlugin),Set(Atom(sbt.plugins.MiniDependencyTreePlugin)))))
[debug]   :: deduced result: Matched(sbt.plugins.CorePlugin,sbt.plugins.Giter8TemplatePlugin,sbt.plugins.IvyPlugin,sbt.plugins.JvmPlugin,sbt.plugins.MiniDependencyTreePlugin,sbt.plugins.JUnitXmlReportPlugin,sbt.plugins.SemanticdbPlugin)
[debug] Plugins.deducer#function took 1.970574 ms
[debug]               Load.resolveProject(final-build) took 1.089514ms
[debug]             Load.loadTransitive: finalizeProject(Project(id final-build, base: /Users/nursatsaduahasov/Documents/Highloaded/Final/project, plugins: List(<none>))) took 3.77145ms
[debug] [Loading] Done in /Users/nursatsaduahasov/Documents/Highloaded/Final/project, returning: (final-build)
[debug]           Load.loadUnit: loadedProjectsRaw took 6.007783ms
[debug]           Load.loadUnit: cleanEvalClasses took 0.025639ms
[debug]         Load.loadUnit(file:/Users/nursatsaduahasov/Documents/Highloaded/Final/project/, ...) took 30.253651ms
[debug]       Load.apply: load took 31.818439ms
[debug]       Load.apply: resolveProjects took 0.092161ms
[debug]       Load.apply: finalTransforms took 13.771283ms
[debug]       Load.apply: config.delegates took 0.439861ms
[debug]       Load.apply: Def.make(settings)... took 104.758805ms
[debug]       Load.apply: structureIndex took 36.705449ms
[debug]       Load.apply: mkStreams took 0.003001ms
[info] loading project definition from /Users/nursatsaduahasov/Documents/Highloaded/Final/project
[debug] Running task... Cancel: Signal, check cycles: false, forcegc: true
[debug]     Load.loadUnit: plugins took 415.620695ms
[debug]     Load.loadUnit: defsScala took 0.006198ms
[debug] [Loading] Scanning directory /Users/nursatsaduahasov/Documents/Highloaded/Final
[debug]       Load.loadUnit: mkEval took 6.426885ms
[debug] [Loading] Found non-root projects 
[debug] [Loading] Done in /Users/nursatsaduahasov/Documents/Highloaded/Final, returning: ()
[debug] deducing auto plugins based on known facts Set(Atom(sbt.plugins.CorePlugin)) and clauses Clauses(List(Clause(Atom(sbt.plugins.JvmPlugin),Set(Atom(sbt.plugins.IvyPlugin))), Clause(Atom(sbt.ScriptedPlugin),Set(Atom(sbt.plugins.JvmPlugin))), Clause(Atom(sbt.plugins.SbtPlugin),Set(Atom(sbt.ScriptedPlugin))), Clause(Atom(sbt.plugins.SemanticdbPlugin),Set(Atom(sbt.plugins.JvmPlugin))), Clause(Atom(sbt.plugins.JUnitXmlReportPlugin),Set(Atom(sbt.plugins.JvmPlugin))), Clause(Atom(sbt.plugins.MiniDependencyTreePlugin),Set(Atom(sbt.plugins.JvmPlugin))), Clause(Atom(sbt.plugins.CorePlugin),Set(Atom(sbt.plugins.IvyPlugin))), Clause(Atom(sbt.plugins.IvyPlugin),Set(Atom(sbt.plugins.JvmPlugin))), Clause(Atom(sbt.plugins.JvmPlugin),Set(Atom(sbt.plugins.SemanticdbPlugin))), Clause(Atom(sbt.plugins.JvmPlugin),Set(Atom(sbt.plugins.JUnitXmlReportPlugin))), Clause(Atom(sbt.plugins.CorePlugin),Set(Atom(sbt.plugins.Giter8TemplatePlugin))), Clause(Atom(sbt.plugins.JvmPlugin),Set(Atom(sbt.plugins.MiniDependencyTreePlugin)))))
[debug]   :: deduced result: Matched(sbt.plugins.CorePlugin,sbt.plugins.Giter8TemplatePlugin,sbt.plugins.IvyPlugin,sbt.plugins.JvmPlugin,sbt.plugins.MiniDependencyTreePlugin,sbt.plugins.JUnitXmlReportPlugin,sbt.plugins.SemanticdbPlugin)
[debug] Plugins.deducer#function took 1.491519 ms
[info] loading settings for project final from build.sbt ...
[debug]         Load.resolveProject(final) took 1.858088ms
[debug]       Load.loadTransitive: finalizeProject(Project(id final, base: /Users/nursatsaduahasov/Documents/Highloaded/Final, plugins: List(<none>))) took 3.78485ms
[debug] [Loading] Done in /Users/nursatsaduahasov/Documents/Highloaded/Final, returning: (final)
[debug]     Load.loadUnit: loadedProjectsRaw took 120.490796ms
[debug]     Load.loadUnit: cleanEvalClasses took 5.350489ms
[debug]   Load.loadUnit(file:/Users/nursatsaduahasov/Documents/Highloaded/Final/, ...) took 542.869526ms
[debug] Load.apply: load took 544.357122ms
[debug] Load.apply: resolveProjects took 0.117296ms
[debug] Load.apply: finalTransforms took 8.241973ms
[debug] Load.apply: config.delegates took 0.286498ms
[debug] Load.apply: Def.make(settings)... took 109.783349ms
[debug] Load.apply: structureIndex took 24.253968ms
[debug] Load.apply: mkStreams took 0.002171ms
[info] set current project to Final (in build file:/Users/nursatsaduahasov/Documents/Highloaded/Final/)
[debug] > Exec(sbtPopOnFailure, None, None)
[debug] > Exec(resumeFromFailure, None, None)
[debug] > Exec(notifyUsersAboutShell, None, None)
[debug] > Exec(iflast shell, None, None)
[debug] > Exec(run, None, None)
[debug] Evaluating tasks: Compile / run
[debug] Running task... Cancel: Signal, check cycles: false, forcegc: true
[info] compiling 1 Scala source to /Users/nursatsaduahasov/Documents/Highloaded/Final/target/scala-2.13/classes ...
[info] done compiling
[info] compiling 1 Scala source to /Users/nursatsaduahasov/Documents/Highloaded/Final/target/scala-2.13/classes ...
[warn] /Users/nursatsaduahasov/Documents/Highloaded/Final/src/main/scala/Node.scala:33:64: match may not be exhaustive.
[warn] It would fail on the following input: Failure(_)
[warn]           historyService.control.drainAndShutdown().onComplete {
[warn]                                                                ^
[warn] one warning found
[info] done compiling
