[debug] > Exec(early(addDefaultCommands), None, None)
[debug] > Exec(addDefaultCommands, None, None)
[debug] > Exec(early(initialize), None, None)
[debug] > Exec(initialize, None, None)
[debug] > Exec(boot, None, None)
[debug] > Exec(writeSbtVersion, None, None)
[debug] > Exec(reload, None, None)
[debug] > Exec(sbtStashOnFailure, None, None)
[debug] > Exec(onFailure loadFailed, None, None)
[debug] > Exec(loadp, None, None)
[info] welcome to sbt 1.4.3 (Oracle Corporation Java 14)
[debug]       Load.loadUnit: plugins took 98.6104ms
[debug]       Load.loadUnit: defsScala took 0.3781ms
[debug] [Loading] Scanning directory C:\Users\vlad\.sbt\1.0\plugins
[debug] [Loading] Found non-root projects 
[debug] [Loading] Done in C:\Users\vlad\.sbt\1.0\plugins, returning: ()
[debug] deducing auto plugins based on known facts Set(Atom(sbt.plugins.CorePlugin)) and clauses Clauses(List(Clause(Atom(sbt.plugins.JvmPlugin),Set(Atom(sbt.plugins.IvyPlugin))), Clause(Atom(sbt.ScriptedPlugin),Set(Atom(sbt.plugins.JvmPlugin))), Clause(Atom(sbt.plugins.SbtPlugin),Set(Atom(sbt.ScriptedPlugin))), Clause(Atom(sbt.plugins.SemanticdbPlugin),Set(Atom(sbt.plugins.JvmPlugin))), Clause(Atom(sbt.plugins.JUnitXmlReportPlugin),Set(Atom(sbt.plugins.JvmPlugin))), Clause(Atom(sbt.plugins.MiniDependencyTreePlugin),Set(Atom(sbt.plugins.JvmPlugin))), Clause(Atom(sbt.plugins.CorePlugin),Set(Atom(sbt.plugins.IvyPlugin))), Clause(Atom(sbt.plugins.IvyPlugin),Set(Atom(sbt.plugins.JvmPlugin))), Clause(Atom(sbt.plugins.JvmPlugin),Set(Atom(sbt.plugins.SemanticdbPlugin))), Clause(Atom(sbt.plugins.JvmPlugin),Set(Atom(sbt.plugins.JUnitXmlReportPlugin))), Clause(Atom(sbt.plugins.CorePlugin),Set(Atom(sbt.plugins.Giter8TemplatePlugin))), Clause(Atom(sbt.plugins.JvmPlugin),Set(Atom(sbt.plugins.MiniDependencyTreePlugin)))))
[debug]   :: deduced result: Matched(sbt.plugins.CorePlugin,sbt.plugins.Giter8TemplatePlugin,sbt.plugins.IvyPlugin,sbt.plugins.JvmPlugin,sbt.plugins.MiniDependencyTreePlugin,sbt.plugins.JUnitXmlReportPlugin,sbt.plugins.SemanticdbPlugin)
[debug] Plugins.deducer#function took 25.0261 ms
[debug]           Load.resolveProject(global-plugins) took 43.949ms
[debug]         Load.loadTransitive: finalizeProject(Project(id global-plugins, base: C:\Users\vlad\.sbt\1.0\plugins, plugins: List(<none>))) took 92.8425ms
[debug] [Loading] Done in C:\Users\vlad\.sbt\1.0\plugins, returning: (global-plugins)
[debug]       Load.loadUnit: loadedProjectsRaw took 115.7958ms
[debug]       Load.loadUnit: cleanEvalClasses took 0.2169ms
[debug]     Load.loadUnit(file:/C:/Users/vlad/.sbt/1.0/plugins/, ...) took 224.321ms
[debug]   Load.apply: load took 394.6277ms
[debug]   Load.apply: resolveProjects took 5.263ms
[debug]   Load.apply: finalTransforms took 77.176ms
[debug]   Load.apply: config.delegates took 9.2636ms
[debug]   Load.apply: Def.make(settings)... took 1475.9201ms
[debug]   Load.apply: structureIndex took 125.2201ms
[debug]   Load.apply: mkStreams took 2.0094ms
[info] loading global plugins from C:\Users\vlad\.sbt\1.0\plugins
[debug] Running task... Cancel: Signal, check cycles: false, forcegc: true
[debug] Load.defaultLoad until apply took 3754.6005ms
[debug]           Load.loadUnit: plugins took 20.2726ms
[debug]           Load.loadUnit: defsScala took 0.0035ms
[debug] [Loading] Scanning directory C:\Users\vlad\IdeaProjects\wk10\project
[debug] [Loading] Found non-root projects 
[debug] [Loading] Done in C:\Users\vlad\IdeaProjects\wk10\project, returning: ()
[debug] deducing auto plugins based on known facts Set(Atom(sbt.plugins.CorePlugin)) and clauses Clauses(List(Clause(Atom(sbt.plugins.JvmPlugin),Set(Atom(sbt.plugins.IvyPlugin))), Clause(Atom(sbt.ScriptedPlugin),Set(Atom(sbt.plugins.JvmPlugin))), Clause(Atom(sbt.plugins.SbtPlugin),Set(Atom(sbt.ScriptedPlugin))), Clause(Atom(sbt.plugins.SemanticdbPlugin),Set(Atom(sbt.plugins.JvmPlugin))), Clause(Atom(sbt.plugins.JUnitXmlReportPlugin),Set(Atom(sbt.plugins.JvmPlugin))), Clause(Atom(sbt.plugins.MiniDependencyTreePlugin),Set(Atom(sbt.plugins.JvmPlugin))), Clause(Atom(sbt.plugins.CorePlugin),Set(Atom(sbt.plugins.IvyPlugin))), Clause(Atom(sbt.plugins.IvyPlugin),Set(Atom(sbt.plugins.JvmPlugin))), Clause(Atom(sbt.plugins.JvmPlugin),Set(Atom(sbt.plugins.SemanticdbPlugin))), Clause(Atom(sbt.plugins.JvmPlugin),Set(Atom(sbt.plugins.JUnitXmlReportPlugin))), Clause(Atom(sbt.plugins.CorePlugin),Set(Atom(sbt.plugins.Giter8TemplatePlugin))), Clause(Atom(sbt.plugins.JvmPlugin),Set(Atom(sbt.plugins.MiniDependencyTreePlugin)))))
[debug]   :: deduced result: Matched(sbt.plugins.CorePlugin,sbt.plugins.Giter8TemplatePlugin,sbt.plugins.IvyPlugin,sbt.plugins.JvmPlugin,sbt.plugins.MiniDependencyTreePlugin,sbt.plugins.JUnitXmlReportPlugin,sbt.plugins.SemanticdbPlugin)
[debug] Plugins.deducer#function took 2.0068 ms
[debug]               Load.resolveProject(wk10-build) took 1.3099ms
[debug]             Load.loadTransitive: finalizeProject(Project(id wk10-build, base: C:\Users\vlad\IdeaProjects\wk10\project, plugins: List(<none>))) took 3.953ms
[debug] [Loading] Done in C:\Users\vlad\IdeaProjects\wk10\project, returning: (wk10-build)
[debug]           Load.loadUnit: loadedProjectsRaw took 5.4776ms
[debug]           Load.loadUnit: cleanEvalClasses took 0.0136ms
[debug]         Load.loadUnit(file:/C:/Users/vlad/IdeaProjects/wk10/project/, ...) took 26.4141ms
[debug]       Load.apply: load took 27.7812ms
[debug]       Load.apply: resolveProjects took 0.2256ms
[debug]       Load.apply: finalTransforms took 16.5514ms
[debug]       Load.apply: config.delegates took 0.4658ms
[debug]       Load.apply: Def.make(settings)... took 78.5318ms
[debug]       Load.apply: structureIndex took 28.5248ms
[debug]       Load.apply: mkStreams took 0.0025ms
[info] loading project definition from C:\Users\vlad\IdeaProjects\wk10\project
[debug] Running task... Cancel: Signal, check cycles: false, forcegc: true
[debug]     Load.loadUnit: plugins took 312.0317ms
[debug]     Load.loadUnit: defsScala took 0.0043ms
[debug] [Loading] Scanning directory C:\Users\vlad\IdeaProjects\wk10
[debug]       Load.loadUnit: mkEval took 5.4395ms
[debug] [Loading] Found non-root projects 
[debug] [Loading] Done in C:\Users\vlad\IdeaProjects\wk10, returning: ()
[debug] deducing auto plugins based on known facts Set(Atom(sbt.plugins.CorePlugin)) and clauses Clauses(List(Clause(Atom(sbt.plugins.JvmPlugin),Set(Atom(sbt.plugins.IvyPlugin))), Clause(Atom(sbt.ScriptedPlugin),Set(Atom(sbt.plugins.JvmPlugin))), Clause(Atom(sbt.plugins.SbtPlugin),Set(Atom(sbt.ScriptedPlugin))), Clause(Atom(sbt.plugins.SemanticdbPlugin),Set(Atom(sbt.plugins.JvmPlugin))), Clause(Atom(sbt.plugins.JUnitXmlReportPlugin),Set(Atom(sbt.plugins.JvmPlugin))), Clause(Atom(sbt.plugins.MiniDependencyTreePlugin),Set(Atom(sbt.plugins.JvmPlugin))), Clause(Atom(sbt.plugins.CorePlugin),Set(Atom(sbt.plugins.IvyPlugin))), Clause(Atom(sbt.plugins.IvyPlugin),Set(Atom(sbt.plugins.JvmPlugin))), Clause(Atom(sbt.plugins.JvmPlugin),Set(Atom(sbt.plugins.SemanticdbPlugin))), Clause(Atom(sbt.plugins.JvmPlugin),Set(Atom(sbt.plugins.JUnitXmlReportPlugin))), Clause(Atom(sbt.plugins.CorePlugin),Set(Atom(sbt.plugins.Giter8TemplatePlugin))), Clause(Atom(sbt.plugins.JvmPlugin),Set(Atom(sbt.plugins.MiniDependencyTreePlugin)))))
[debug]   :: deduced result: Matched(sbt.plugins.CorePlugin,sbt.plugins.Giter8TemplatePlugin,sbt.plugins.IvyPlugin,sbt.plugins.JvmPlugin,sbt.plugins.MiniDependencyTreePlugin,sbt.plugins.JUnitXmlReportPlugin,sbt.plugins.SemanticdbPlugin)
[debug] Plugins.deducer#function took 2.2727 ms
[info] loading settings for project wk10 from build.sbt ...
[debug]         Load.resolveProject(wk10) took 3.4964ms
[debug]       Load.loadTransitive: finalizeProject(Project(id wk10, base: C:\Users\vlad\IdeaProjects\wk10, plugins: List(<none>))) took 6.3674ms
[debug] [Loading] Done in C:\Users\vlad\IdeaProjects\wk10, returning: (wk10)
[debug]     Load.loadUnit: loadedProjectsRaw took 130.5902ms
[debug]     Load.loadUnit: cleanEvalClasses took 13.5455ms
[debug]   Load.loadUnit(file:/C:/Users/vlad/IdeaProjects/wk10/, ...) took 457.1089ms
[debug] Load.apply: load took 458.7663ms
[debug] Load.apply: resolveProjects took 0.123ms
[debug] Load.apply: finalTransforms took 10.3289ms
[debug] Load.apply: config.delegates took 0.3246ms
[debug] Load.apply: Def.make(settings)... took 115.149ms
[debug] Load.apply: structureIndex took 37.075ms
[debug] Load.apply: mkStreams took 0.0032ms
[info] set current project to wk10 (in build file:/C:/Users/vlad/IdeaProjects/wk10/)
[debug] > Exec(sbtPopOnFailure, None, None)
[debug] > Exec(resumeFromFailure, None, None)
[debug] > Exec(notifyUsersAboutShell, None, None)
[debug] > Exec(iflast shell, None, None)
[debug] > Exec(run, None, None)
[debug] Evaluating tasks: Compile / run
[debug] Running task... Cancel: Signal, check cycles: false, forcegc: true
[info] compiling 1 Scala source to C:\Users\vlad\IdeaProjects\wk10\target\scala-2.13\classes ...
[info] done compiling
