[debug] > Exec(early(addDefaultCommands), None, None)
[debug] > Exec(addDefaultCommands, None, None)
[debug] > Exec(early(initialize), None, None)
[debug] > Exec(initialize, None, None)
[debug] > Exec(early(addPluginSbtFile="""C:\Users\vlad\AppData\Local\Temp\idea.sbt"""), None, None)
[debug] > Exec(addPluginSbtFile="""C:\Users\vlad\AppData\Local\Temp\idea.sbt""", None, None)
[debug] > Exec(boot, None, None)
[debug] > Exec(writeSbtVersion, None, None)
[debug] > Exec(reload, None, None)
[debug] > Exec(sbtStashOnFailure, None, None)
[debug] > Exec(onFailure loadFailed, None, None)
[debug] > Exec(loadp, None, None)
[info] welcome to sbt 1.4.1 (Oracle Corporation Java 1.8.0_251)
[debug]       Load.loadUnit: plugins took 162.6319ms
[debug]       Load.loadUnit: defsScala took 0.2525ms
[debug] [Loading] Scanning directory C:\Users\vlad\.sbt\1.0\plugins
[debug] [Loading] Found non-root projects 
[debug] [Loading] Done in C:\Users\vlad\.sbt\1.0\plugins, returning: ()
[debug] deducing auto plugins based on known facts Set(Atom(sbt.plugins.CorePlugin)) and clauses Clauses(List(Clause(Atom(sbt.plugins.JvmPlugin),Set(Atom(sbt.plugins.IvyPlugin))), Clause(Atom(sbt.ScriptedPlugin),Set(Atom(sbt.plugins.JvmPlugin))), Clause(Atom(sbt.plugins.SbtPlugin),Set(Atom(sbt.ScriptedPlugin))), Clause(Atom(sbt.plugins.SemanticdbPlugin),Set(Atom(sbt.plugins.JvmPlugin))), Clause(Atom(sbt.plugins.JUnitXmlReportPlugin),Set(Atom(sbt.plugins.JvmPlugin))), Clause(Atom(sbt.plugins.MiniDependencyTreePlugin),Set(Atom(sbt.plugins.JvmPlugin))), Clause(Atom(sbt.plugins.CorePlugin),Set(Atom(sbt.plugins.IvyPlugin))), Clause(Atom(sbt.plugins.IvyPlugin),Set(Atom(sbt.plugins.JvmPlugin))), Clause(Atom(sbt.plugins.JvmPlugin),Set(Atom(sbt.plugins.SemanticdbPlugin))), Clause(Atom(sbt.plugins.JvmPlugin),Set(Atom(sbt.plugins.JUnitXmlReportPlugin))), Clause(Atom(sbt.plugins.CorePlugin),Set(Atom(sbt.plugins.Giter8TemplatePlugin))), Clause(Atom(sbt.plugins.JvmPlugin),Set(Atom(sbt.plugins.MiniDependencyTreePlugin)))))
[debug]   :: deduced result: Matched(sbt.plugins.CorePlugin,sbt.plugins.Giter8TemplatePlugin,sbt.plugins.IvyPlugin,sbt.plugins.JvmPlugin,sbt.plugins.MiniDependencyTreePlugin,sbt.plugins.JUnitXmlReportPlugin,sbt.plugins.SemanticdbPlugin)
[debug] Plugins.deducer#function took 14.717 ms
[debug]           Load.resolveProject(global-plugins) took 34.9613ms
[debug]         Load.loadTransitive: finalizeProject(Project(id global-plugins, base: C:\Users\vlad\.sbt\1.0\plugins, plugins: List(<none>))) took 69.4434ms
[debug] [Loading] Done in C:\Users\vlad\.sbt\1.0\plugins, returning: (global-plugins)
[debug]       Load.loadUnit: loadedProjectsRaw took 84.9767ms
[debug]       Load.loadUnit: cleanEvalClasses took 0.2044ms
[debug]     Load.loadUnit(file:/C:/Users/vlad/.sbt/1.0/plugins/, ...) took 253.0128ms
[debug]   Load.apply: load took 360.2445ms
[debug]   Load.apply: resolveProjects took 4.6517ms
[debug]   Load.apply: finalTransforms took 42.2591ms
[debug]   Load.apply: config.delegates took 8.7581ms
[debug]   Load.apply: Def.make(settings)... took 562.8289ms
[debug]   Load.apply: structureIndex took 86.0986ms
[debug]   Load.apply: mkStreams took 1.4092ms
[info] loading global plugins from C:\Users\vlad\.sbt\1.0\plugins
[debug] Running task... Cancel: Signal, check cycles: false, forcegc: true
[debug] Load.defaultLoad until apply took 4393.5121ms
[debug]           Load.loadUnit: plugins took 18.8975ms
[debug]           Load.loadUnit: defsScala took 0.0034ms
[debug] [Loading] Scanning directory C:\Users\vlad\IdeaProjects\week 8\project
[debug]             Load.loadUnit: mkEval took 7.6648ms
[debug] [Loading] Found non-root projects 
[debug] [Loading] Done in C:\Users\vlad\IdeaProjects\week 8\project, returning: ()
[debug] deducing auto plugins based on known facts Set(Atom(sbt.plugins.CorePlugin)) and clauses Clauses(List(Clause(Atom(sbt.plugins.JvmPlugin),Set(Atom(sbt.plugins.IvyPlugin))), Clause(Atom(sbt.ScriptedPlugin),Set(Atom(sbt.plugins.JvmPlugin))), Clause(Atom(sbt.plugins.SbtPlugin),Set(Atom(sbt.ScriptedPlugin))), Clause(Atom(sbt.plugins.SemanticdbPlugin),Set(Atom(sbt.plugins.JvmPlugin))), Clause(Atom(sbt.plugins.JUnitXmlReportPlugin),Set(Atom(sbt.plugins.JvmPlugin))), Clause(Atom(sbt.plugins.MiniDependencyTreePlugin),Set(Atom(sbt.plugins.JvmPlugin))), Clause(Atom(sbt.plugins.CorePlugin),Set(Atom(sbt.plugins.IvyPlugin))), Clause(Atom(sbt.plugins.IvyPlugin),Set(Atom(sbt.plugins.JvmPlugin))), Clause(Atom(sbt.plugins.JvmPlugin),Set(Atom(sbt.plugins.SemanticdbPlugin))), Clause(Atom(sbt.plugins.JvmPlugin),Set(Atom(sbt.plugins.JUnitXmlReportPlugin))), Clause(Atom(sbt.plugins.CorePlugin),Set(Atom(sbt.plugins.Giter8TemplatePlugin))), Clause(Atom(sbt.plugins.JvmPlugin),Set(Atom(sbt.plugins.MiniDependencyTreePlugin)))))
[debug]   :: deduced result: Matched(sbt.plugins.CorePlugin,sbt.plugins.Giter8TemplatePlugin,sbt.plugins.IvyPlugin,sbt.plugins.JvmPlugin,sbt.plugins.MiniDependencyTreePlugin,sbt.plugins.JUnitXmlReportPlugin,sbt.plugins.SemanticdbPlugin)
[debug] Plugins.deducer#function took 1.0849 ms
[info] loading settings for project week-8-build from idea.sbt ...
[debug]               Load.resolveProject(week-8-build) took 2.5006ms
[debug]             Load.loadTransitive: finalizeProject(Project(id week-8-build, base: C:\Users\vlad\IdeaProjects\week 8\project, plugins: List(<none>))) took 3.9575ms
[debug] [Loading] Done in C:\Users\vlad\IdeaProjects\week 8\project, returning: (week-8-build)
[debug]           Load.loadUnit: loadedProjectsRaw took 1901.6048ms
[debug]           Load.loadUnit: cleanEvalClasses took 3.4154ms
[debug]         Load.loadUnit(file:/C:/Users/vlad/IdeaProjects/week%208/project/, ...) took 1924.6237ms
[debug]       Load.apply: load took 1925.5775ms
[debug]       Load.apply: resolveProjects took 0.0727ms
[debug]       Load.apply: finalTransforms took 8.2385ms
[debug]       Load.apply: config.delegates took 0.3342ms
[debug]       Load.apply: Def.make(settings)... took 72.3731ms
[debug]       Load.apply: structureIndex took 27.6071ms
[debug]       Load.apply: mkStreams took 0.0046ms
[info] loading project definition from C:\Users\vlad\IdeaProjects\week 8\project
[debug] Running task... Cancel: Signal, check cycles: false, forcegc: true
[debug]     Load.loadUnit: plugins took 4891.646ms
[debug]     Load.loadUnit: defsScala took 0.0033ms
[debug] [Loading] Scanning directory C:\Users\vlad\IdeaProjects\week 8
[debug]       Load.loadUnit: mkEval took 0.2269ms
[debug] [Loading] Found non-root projects 
[debug] [Loading] Done in C:\Users\vlad\IdeaProjects\week 8, returning: ()
[debug] deducing auto plugins based on known facts Set(Atom(sbt.plugins.CorePlugin)) and clauses Clauses(List(Clause(Atom(sbt.plugins.JvmPlugin),Set(Atom(sbt.plugins.IvyPlugin))), Clause(Atom(sbt.ScriptedPlugin),Set(Atom(sbt.plugins.JvmPlugin))), Clause(Atom(sbt.plugins.SbtPlugin),Set(Atom(sbt.ScriptedPlugin))), Clause(Atom(sbt.plugins.SemanticdbPlugin),Set(Atom(sbt.plugins.JvmPlugin))), Clause(Atom(sbt.plugins.JUnitXmlReportPlugin),Set(Atom(sbt.plugins.JvmPlugin))), Clause(Atom(sbt.plugins.MiniDependencyTreePlugin),Set(Atom(sbt.plugins.JvmPlugin))), Clause(Atom(org.jetbrains.sbt.StructurePlugin),Set(Atom(sbt.plugins.JvmPlugin))), Clause(Atom(org.jetbrains.sbt.IdeaShellPlugin),Set(Atom(sbt.plugins.JvmPlugin))), Clause(Atom(org.jetbrains.sbt.indices.SbtIntellijIndicesPlugin),Set(Atom(sbt.plugins.JvmPlugin))), Clause(Atom(sbt.plugins.CorePlugin),Set(Atom(sbt.plugins.IvyPlugin))), Clause(Atom(sbt.plugins.IvyPlugin),Set(Atom(sbt.plugins.JvmPlugin))), Clause(Atom(sbt.plugins.JvmPlugin),Set(Atom(sbt.plugins.SemanticdbPlugin))), Clause(Atom(sbt.plugins.JvmPlugin),Set(Atom(sbt.plugins.JUnitXmlReportPlugin))), Clause(Atom(sbt.plugins.CorePlugin),Set(Atom(sbt.plugins.Giter8TemplatePlugin))), Clause(Atom(sbt.plugins.JvmPlugin),Set(Atom(sbt.plugins.MiniDependencyTreePlugin))), Clause(Atom(sbt.plugins.JvmPlugin),Set(Atom(org.jetbrains.sbt.StructurePlugin))), Clause(Atom(sbt.plugins.JvmPlugin),Set(Atom(org.jetbrains.sbt.IdeaShellPlugin))), Clause(And(Set(Atom(sbt.plugins.CorePlugin), Atom(sbt.plugins.JvmPlugin))),Set(Atom(org.jetbrains.sbt.indices.SbtIntellijIndicesPlugin)))))
[debug]   :: deduced result: Matched(sbt.plugins.CorePlugin,sbt.plugins.Giter8TemplatePlugin,sbt.plugins.IvyPlugin,sbt.plugins.JvmPlugin,sbt.plugins.SemanticdbPlugin,org.jetbrains.sbt.indices.SbtIntellijIndicesPlugin,sbt.plugins.JUnitXmlReportPlugin,org.jetbrains.sbt.IdeaShellPlugin,org.jetbrains.sbt.StructurePlugin,sbt.plugins.MiniDependencyTreePlugin)
[debug] Plugins.deducer#function took 1.513 ms
[info] loading settings for project week-8 from build.sbt ...
[debug]         Load.resolveProject(week-8) took 30.7813ms
[debug]       Load.loadTransitive: finalizeProject(Project(id week-8, base: C:\Users\vlad\IdeaProjects\week 8, plugins: List(<none>))) took 33.5322ms
[debug] [Loading] Done in C:\Users\vlad\IdeaProjects\week 8, returning: (week-8)
[debug]     Load.loadUnit: loadedProjectsRaw took 1622.815ms
[debug]     Load.loadUnit: cleanEvalClasses took 6.8644ms
[debug]   Load.loadUnit(file:/C:/Users/vlad/IdeaProjects/week%208/, ...) took 6521.9291ms
[debug] Load.apply: load took 6523.5454ms
[debug] Load.apply: resolveProjects took 0.1016ms
[debug] Load.apply: finalTransforms took 24.4087ms
[debug] Load.apply: config.delegates took 0.2336ms
[debug] Load.apply: Def.make(settings)... took 62.9175ms
[debug] Load.apply: structureIndex took 17.4909ms
[debug] Load.apply: mkStreams took 0.004ms
[info] set current project to akka-http-sample (in build file:/C:/Users/vlad/IdeaProjects/week%208/)
[debug] > Exec(sbtPopOnFailure, None, None)
[debug] > Exec(resumeFromFailure, None, None)
[debug] > Exec(notifyUsersAboutShell, None, None)
[debug] > Exec(iflast shell, None, None)
[debug] > Exec(; set ideaPort in Global := 62184 ; idea-shell, None, None)
[debug] > Exec(set ideaPort in Global := 62184, None, None)
[info] Defining Global / ideaPort
[info] The new value will be used by Compile / compile, Test / compile
[debug] Defining 
[debug] 	Global / ideaPort
[debug] 
[debug] The new value will be used by 
[debug] 	Compile / compile
[debug] 	Test / compile
[info] Reapplying settings...
[info] set current project to akka-http-sample (in build file:/C:/Users/vlad/IdeaProjects/week%208/)
[debug] > Exec(idea-shell, None, None)
