[debug] > Exec(early(addDefaultCommands), None, None)
[debug] > Exec(addDefaultCommands, None, None)
[debug] > Exec(early(initialize), None, None)
[debug] > Exec(initialize, None, None)
[debug] > Exec(boot, None, None)
[debug] > Exec(writeSbtVersion, None, None)
[debug] > Exec(reload, None, None)
[debug] > Exec(sbtStashOnFailure, None, None)
[debug] > Exec(onFailure loadFailed, None, None)
[debug] > Exec(loadp, None, None)
[info] welcome to sbt 1.4.1 (Oracle Corporation Java 1.8.0_241)
[debug]       Load.loadUnit: plugins took 244.414842ms
[debug]       Load.loadUnit: defsScala took 0.603761ms
[debug] [Loading] Scanning directory /Users/bsnbk/.sbt/1.0/plugins
[debug] [Loading] Found non-root projects 
[debug] [Loading] Done in /Users/bsnbk/.sbt/1.0/plugins, returning: ()
[debug] deducing auto plugins based on known facts Set(Atom(sbt.plugins.CorePlugin)) and clauses Clauses(List(Clause(Atom(sbt.plugins.JvmPlugin),Set(Atom(sbt.plugins.IvyPlugin))), Clause(Atom(sbt.ScriptedPlugin),Set(Atom(sbt.plugins.JvmPlugin))), Clause(Atom(sbt.plugins.SbtPlugin),Set(Atom(sbt.ScriptedPlugin))), Clause(Atom(sbt.plugins.SemanticdbPlugin),Set(Atom(sbt.plugins.JvmPlugin))), Clause(Atom(sbt.plugins.JUnitXmlReportPlugin),Set(Atom(sbt.plugins.JvmPlugin))), Clause(Atom(sbt.plugins.MiniDependencyTreePlugin),Set(Atom(sbt.plugins.JvmPlugin))), Clause(Atom(sbt.plugins.CorePlugin),Set(Atom(sbt.plugins.IvyPlugin))), Clause(Atom(sbt.plugins.IvyPlugin),Set(Atom(sbt.plugins.JvmPlugin))), Clause(Atom(sbt.plugins.JvmPlugin),Set(Atom(sbt.plugins.SemanticdbPlugin))), Clause(Atom(sbt.plugins.JvmPlugin),Set(Atom(sbt.plugins.JUnitXmlReportPlugin))), Clause(Atom(sbt.plugins.CorePlugin),Set(Atom(sbt.plugins.Giter8TemplatePlugin))), Clause(Atom(sbt.plugins.JvmPlugin),Set(Atom(sbt.plugins.MiniDependencyTreePlugin)))))
[debug]   :: deduced result: Matched(sbt.plugins.CorePlugin,sbt.plugins.Giter8TemplatePlugin,sbt.plugins.IvyPlugin,sbt.plugins.JvmPlugin,sbt.plugins.MiniDependencyTreePlugin,sbt.plugins.JUnitXmlReportPlugin,sbt.plugins.SemanticdbPlugin)
[debug] Plugins.deducer#function took 30.739519 ms
[debug]           Load.resolveProject(global-plugins) took 70.138678ms
[debug]         Load.loadTransitive: finalizeProject(Project(id global-plugins, base: /Users/bsnbk/.sbt/1.0/plugins, plugins: List(<none>))) took 138.359186ms
[debug] [Loading] Done in /Users/bsnbk/.sbt/1.0/plugins, returning: (global-plugins)
[debug]       Load.loadUnit: loadedProjectsRaw took 170.359534ms
[debug]       Load.loadUnit: cleanEvalClasses took 0.452643ms
[debug]     Load.loadUnit(file:/Users/bsnbk/.sbt/1.0/plugins/, ...) took 427.497667ms
[debug]   Load.apply: load took 5895.707383ms
[debug]   Load.apply: resolveProjects took 8.262316ms
[debug]   Load.apply: finalTransforms took 65.840949ms
[debug]   Load.apply: config.delegates took 10.385642ms
[debug]   Load.apply: Def.make(settings)... took 415.332764ms
[debug]   Load.apply: structureIndex took 107.416343ms
[debug]   Load.apply: mkStreams took 2.301701ms
[info] loading global plugins from /Users/bsnbk/.sbt/1.0/plugins
[debug] Running task... Cancel: Signal, check cycles: false, forcegc: true
[debug] Load.defaultLoad until apply took 13263.980075ms
[debug]           Load.loadUnit: plugins took 17.802968ms
[debug]           Load.loadUnit: defsScala took 0.004039ms
[debug] [Loading] Scanning directory /Users/bsnbk/Documents/KBTU/2020/backend/week 8/project
[debug] [Loading] Found non-root projects 
[debug] [Loading] Done in /Users/bsnbk/Documents/KBTU/2020/backend/week 8/project, returning: ()
[debug] deducing auto plugins based on known facts Set(Atom(sbt.plugins.CorePlugin)) and clauses Clauses(List(Clause(Atom(sbt.plugins.JvmPlugin),Set(Atom(sbt.plugins.IvyPlugin))), Clause(Atom(sbt.ScriptedPlugin),Set(Atom(sbt.plugins.JvmPlugin))), Clause(Atom(sbt.plugins.SbtPlugin),Set(Atom(sbt.ScriptedPlugin))), Clause(Atom(sbt.plugins.SemanticdbPlugin),Set(Atom(sbt.plugins.JvmPlugin))), Clause(Atom(sbt.plugins.JUnitXmlReportPlugin),Set(Atom(sbt.plugins.JvmPlugin))), Clause(Atom(sbt.plugins.MiniDependencyTreePlugin),Set(Atom(sbt.plugins.JvmPlugin))), Clause(Atom(sbt.plugins.CorePlugin),Set(Atom(sbt.plugins.IvyPlugin))), Clause(Atom(sbt.plugins.IvyPlugin),Set(Atom(sbt.plugins.JvmPlugin))), Clause(Atom(sbt.plugins.JvmPlugin),Set(Atom(sbt.plugins.SemanticdbPlugin))), Clause(Atom(sbt.plugins.JvmPlugin),Set(Atom(sbt.plugins.JUnitXmlReportPlugin))), Clause(Atom(sbt.plugins.CorePlugin),Set(Atom(sbt.plugins.Giter8TemplatePlugin))), Clause(Atom(sbt.plugins.JvmPlugin),Set(Atom(sbt.plugins.MiniDependencyTreePlugin)))))
[debug]   :: deduced result: Matched(sbt.plugins.CorePlugin,sbt.plugins.Giter8TemplatePlugin,sbt.plugins.IvyPlugin,sbt.plugins.JvmPlugin,sbt.plugins.MiniDependencyTreePlugin,sbt.plugins.JUnitXmlReportPlugin,sbt.plugins.SemanticdbPlugin)
[debug] Plugins.deducer#function took 1.836505 ms
[debug]               Load.resolveProject(week-8-build) took 1.175439ms
[debug]             Load.loadTransitive: finalizeProject(Project(id week-8-build, base: /Users/bsnbk/Documents/KBTU/2020/backend/week 8/project, plugins: List(<none>))) took 3.539017ms
[debug] [Loading] Done in /Users/bsnbk/Documents/KBTU/2020/backend/week 8/project, returning: (week-8-build)
[debug]           Load.loadUnit: loadedProjectsRaw took 5.329956ms
[debug]           Load.loadUnit: cleanEvalClasses took 0.009653ms
[debug]         Load.loadUnit(file:/Users/bsnbk/Documents/KBTU/2020/backend/week%208/project/, ...) took 23.814597ms
[debug]       Load.apply: load took 25.058798ms
[debug]       Load.apply: resolveProjects took 0.12143ms
[debug]       Load.apply: finalTransforms took 8.883044ms
[debug]       Load.apply: config.delegates took 0.558778ms
[debug]       Load.apply: Def.make(settings)... took 65.209511ms
[debug]       Load.apply: structureIndex took 24.117436ms
[debug]       Load.apply: mkStreams took 0.002552ms
[info] loading project definition from /Users/bsnbk/Documents/KBTU/2020/backend/week 8/project
[debug] Running task... Cancel: Signal, check cycles: false, forcegc: true
[debug]     Load.loadUnit: plugins took 312.303508ms
[debug]     Load.loadUnit: defsScala took 0.002567ms
[debug] [Loading] Scanning directory /Users/bsnbk/Documents/KBTU/2020/backend/week 8
[debug]       Load.loadUnit: mkEval took 9.941187ms
[debug] [Loading] Found non-root projects 
[debug] [Loading] Done in /Users/bsnbk/Documents/KBTU/2020/backend/week 8, returning: ()
[debug] deducing auto plugins based on known facts Set(Atom(sbt.plugins.CorePlugin)) and clauses Clauses(List(Clause(Atom(sbt.plugins.JvmPlugin),Set(Atom(sbt.plugins.IvyPlugin))), Clause(Atom(sbt.ScriptedPlugin),Set(Atom(sbt.plugins.JvmPlugin))), Clause(Atom(sbt.plugins.SbtPlugin),Set(Atom(sbt.ScriptedPlugin))), Clause(Atom(sbt.plugins.SemanticdbPlugin),Set(Atom(sbt.plugins.JvmPlugin))), Clause(Atom(sbt.plugins.JUnitXmlReportPlugin),Set(Atom(sbt.plugins.JvmPlugin))), Clause(Atom(sbt.plugins.MiniDependencyTreePlugin),Set(Atom(sbt.plugins.JvmPlugin))), Clause(Atom(sbt.plugins.CorePlugin),Set(Atom(sbt.plugins.IvyPlugin))), Clause(Atom(sbt.plugins.IvyPlugin),Set(Atom(sbt.plugins.JvmPlugin))), Clause(Atom(sbt.plugins.JvmPlugin),Set(Atom(sbt.plugins.SemanticdbPlugin))), Clause(Atom(sbt.plugins.JvmPlugin),Set(Atom(sbt.plugins.JUnitXmlReportPlugin))), Clause(Atom(sbt.plugins.CorePlugin),Set(Atom(sbt.plugins.Giter8TemplatePlugin))), Clause(Atom(sbt.plugins.JvmPlugin),Set(Atom(sbt.plugins.MiniDependencyTreePlugin)))))
[debug]   :: deduced result: Matched(sbt.plugins.CorePlugin,sbt.plugins.Giter8TemplatePlugin,sbt.plugins.IvyPlugin,sbt.plugins.JvmPlugin,sbt.plugins.MiniDependencyTreePlugin,sbt.plugins.JUnitXmlReportPlugin,sbt.plugins.SemanticdbPlugin)
[debug] Plugins.deducer#function took 1.608767 ms
[info] loading settings for project week-8 from build.sbt ...
[debug]         Load.resolveProject(week-8) took 3.054969ms
[debug]       Load.loadTransitive: finalizeProject(Project(id week-8, base: /Users/bsnbk/Documents/KBTU/2020/backend/week 8, plugins: List(<none>))) took 5.21699ms
[debug] [Loading] Done in /Users/bsnbk/Documents/KBTU/2020/backend/week 8, returning: (week-8)
[debug]     Load.loadUnit: loadedProjectsRaw took 166.895151ms
[debug]     Load.loadUnit: cleanEvalClasses took 11.599533ms
[debug]   Load.loadUnit(file:/Users/bsnbk/Documents/KBTU/2020/backend/week%208/, ...) took 491.434226ms
[debug] Load.apply: load took 492.733138ms
[debug] Load.apply: resolveProjects took 0.151066ms
[debug] Load.apply: finalTransforms took 6.248226ms
[debug] Load.apply: config.delegates took 0.327339ms
[debug] Load.apply: Def.make(settings)... took 105.793826ms
[debug] Load.apply: structureIndex took 23.574314ms
[debug] Load.apply: mkStreams took 0.003125ms
[info] set current project to akka-http-sample (in build file:/Users/bsnbk/Documents/KBTU/2020/backend/week%208/)
[debug] > Exec(sbtPopOnFailure, None, None)
[debug] > Exec(resumeFromFailure, None, None)
[debug] > Exec(notifyUsersAboutShell, None, None)
[debug] > Exec(iflast shell, None, None)
[debug] > Exec(run, None, None)
[debug] Evaluating tasks: Compile / run
[debug] Running task... Cancel: Signal, check cycles: false, forcegc: true
[info] compiling 1 Scala source to /Users/bsnbk/Documents/KBTU/2020/backend/week 8/target/scala-2.13/classes ...
[info] done compiling
